#
# There is insufficient memory for the Java Runtime Environment to continue.
# Native memory allocation (malloc) failed to allocate 1048576 bytes for AllocateHeap
# Possible reasons:
#   The system is out of physical RAM or swap space
#   The process is running with CompressedOops enabled, and the Java Heap may be blocking the growth of the native heap
# Possible solutions:
#   Reduce memory load on the system
#   Increase physical memory or swap space
#   Check if swap backing store is full
#   Decrease Java heap size (-Xmx/-Xms)
#   Decrease number of Java threads
#   Decrease Java thread stack sizes (-Xss)
#   Set larger code cache with -XX:ReservedCodeCacheSize=
#   JVM is running with Zero Based Compressed Oops mode in which the Java heap is
#     placed in the first 32GB address space. The Java Heap base address is the
#     maximum limit for the native heap growth. Please use -XX:HeapBaseMinAddress
#     to set the Java Heap base and to place the Java Heap above 32GB virtual address.
# This output file may be truncated or incomplete.
#
#  Out of Memory Error (allocation.cpp:44), pid=26752, tid=10056
#
# JRE version:  (17.0.5+1) (build )
# Java VM: OpenJDK 64-Bit Server VM (17.0.5+1-b653.25, mixed mode, sharing, tiered, compressed oops, compressed class ptrs, g1 gc, windows-amd64)
# No core dump will be written. Minidumps are not enabled by default on client versions of Windows
#

---------------  S U M M A R Y ------------

Command Line: git4idea.http.GitAskPassApp Username for 'https://git.infotech.monash.edu': 

Host: Intel(R) Core(TM) i7-10510U CPU @ 1.80GHz, 8 cores, 15G,  Windows 11 , 64 bit Build 22621 (10.0.22621.1344)
Time: Thu Apr  6 04:21:54 2023 Malay Peninsula Standard Time elapsed time: 0.016136 seconds (0d 0h 0m 0s)

---------------  T H R E A D  ---------------

Current thread (0x00000231a9d99180):  JavaThread "Unknown thread" [_thread_in_vm, id=10056, stack(0x000000cdf7600000,0x000000cdf7700000)]

Stack: [0x000000cdf7600000,0x000000cdf7700000]
Native frames: (J=compiled Java code, j=interpreted, Vv=VM code, C=native code)
V  [jvm.dll+0x6830ca]
V  [jvm.dll+0x83f4c4]
V  [jvm.dll+0x840c6e]
V  [jvm.dll+0x8412d3]
V  [jvm.dll+0x2490b5]
V  [jvm.dll+0xa64cf]
V  [jvm.dll+0x2e8267]
V  [jvm.dll+0x2dff5b]
V  [jvm.dll+0x810d91]
V  [jvm.dll+0x36df31]
V  [jvm.dll+0x7f028c]
V  [jvm.dll+0x3f0cbf]
V  [jvm.dll+0x3f2801]
C  [jli.dll+0x526b]
C  [ucrtbase.dll+0x29363]
C  [KERNEL32.DLL+0x126bd]
C  [ntdll.dll+0x5a9f8]


---------------  P R O C E S S  ---------------

Threads class SMR info:
_java_thread_list=0x00007ff85a458f98, length=0, elements={
}

Java Threads: ( => current thread )

Other Threads:
  0x00000231a9e059f0 GCTaskThread "GC Thread#0" [stack: 0x000000cdf7700000,0x000000cdf7800000] [id=4392]

[error occurred during error reporting (printing all threads), id 0xc0000005, EXCEPTION_ACCESS_VIOLATION (0xc0000005) at pc=0x00007ff859c0d1b0]

VM state: not at safepoint (not fully initialized)

VM Mutex/Monitor currently owned by a thread:  ([mutex/lock_event])
[0x00000231a9d942a0] Heap_lock - owner thread: 0x00000231a9d99180

Heap address: 0x0000000703200000, size: 4046 MB, Compressed Oops mode: Zero based, Oop shift amount: 3

CDS archive(s) mapped at: [0x0000000000000000-0x0000000000000000-0x0000000000000000), size 0, SharedBaseAddress: 0x0000000800000000, ArchiveRelocationMode: 0.
Narrow klass base: 0x0000000000000000, Narrow klass shift: 0, Narrow klass range: 0x0

GC Precious Log:
<Empty>

Heap:
 garbage-first heap   total 0K, used 0K [0x0000000703200000, 0x0000000800000000)
  region size 2048K, 0 young (0K), 0 survivors (0K)

[error occurred during error reporting (printing heap information), id 0xc0000005, EXCEPTION_ACCESS_VIOLATION (0xc0000005) at pc=0x00007ff859ffcd59]

GC Heap History (0 events):
No events

Dll operation events (1 events):
Event: 0.008 Loaded shared library D:\java\IntelliJ IDEA Community Edition 2022.3.2\jbr\bin\java.dll

Deoptimization events (0 events):
No events

Classes unloaded (0 events):
No events

Classes redefined (0 events):
No events

Internal exceptions (0 events):
No events

VM Operations (0 events):
No events

Events (0 events):
No events


Dynamic libraries:
0x00007ff69aef0000 - 0x00007ff69aefa000 	D:\java\IntelliJ IDEA Community Edition 2022.3.2\jbr\bin\java.exe
0x00007ff8fbd70000 - 0x00007ff8fbf84000 	C:\WINDOWS\SYSTEM32\ntdll.dll
0x00007ff8fbb50000 - 0x00007ff8fbc13000 	C:\WINDOWS\System32\KERNEL32.DLL
0x00007ff8f93f0000 - 0x00007ff8f978c000 	C:\WINDOWS\System32\KERNELBASE.dll
0x00007ff8f92d0000 - 0x00007ff8f93e1000 	C:\WINDOWS\System32\ucrtbase.dll
0x00007ff8b3ce0000 - 0x00007ff8b3cfb000 	D:\java\IntelliJ IDEA Community Edition 2022.3.2\jbr\bin\VCRUNTIME140.dll
0x00007ff8a7510000 - 0x00007ff8a7527000 	D:\java\IntelliJ IDEA Community Edition 2022.3.2\jbr\bin\jli.dll
0x00007ff8fa0c0000 - 0x00007ff8fa26d000 	C:\WINDOWS\System32\USER32.dll
0x00007ff8f9ae0000 - 0x00007ff8f9b06000 	C:\WINDOWS\System32\win32u.dll
0x00007ff8fa320000 - 0x00007ff8fa349000 	C:\WINDOWS\System32\GDI32.dll
0x00007ff8dd620000 - 0x00007ff8dd8ae000 	C:\WINDOWS\WinSxS\amd64_microsoft.windows.common-controls_6595b64144ccf1df_6.0.22621.608_none_a9444ca7c10bb01d\COMCTL32.dll
0x00007ff8f99c0000 - 0x00007ff8f9ad3000 	C:\WINDOWS\System32\gdi32full.dll
0x00007ff8fb1b0000 - 0x00007ff8fb257000 	C:\WINDOWS\System32\msvcrt.dll
0x00007ff8f9230000 - 0x00007ff8f92ca000 	C:\WINDOWS\System32\msvcp_win.dll
0x00007ff8faee0000 - 0x00007ff8faf11000 	C:\WINDOWS\System32\IMM32.DLL
0x00007ff8f1060000 - 0x00007ff8f106c000 	D:\java\IntelliJ IDEA Community Edition 2022.3.2\jbr\bin\vcruntime140_1.dll
0x00007ff8ac6a0000 - 0x00007ff8ac72d000 	D:\java\IntelliJ IDEA Community Edition 2022.3.2\jbr\bin\msvcp140.dll
0x00007ff859920000 - 0x00007ff85a58b000 	D:\java\IntelliJ IDEA Community Edition 2022.3.2\jbr\bin\server\jvm.dll
0x00007ff8f9ed0000 - 0x00007ff8f9f7e000 	C:\WINDOWS\System32\ADVAPI32.dll
0x00007ff8faf90000 - 0x00007ff8fb034000 	C:\WINDOWS\System32\sechost.dll
0x00007ff8f9fa0000 - 0x00007ff8fa0b5000 	C:\WINDOWS\System32\RPCRT4.dll
0x00007ff8efa00000 - 0x00007ff8efa0a000 	C:\WINDOWS\SYSTEM32\VERSION.dll
0x00007ff8d8e70000 - 0x00007ff8d8e79000 	C:\WINDOWS\SYSTEM32\WSOCK32.dll
0x00007ff8eecb0000 - 0x00007ff8eece4000 	C:\WINDOWS\SYSTEM32\WINMM.dll
0x00007ff8fadd0000 - 0x00007ff8fae41000 	C:\WINDOWS\System32\WS2_32.dll
0x00007ff8f82c0000 - 0x00007ff8f82d8000 	C:\WINDOWS\SYSTEM32\kernel.appcore.dll
0x00007ff8f0170000 - 0x00007ff8f017a000 	D:\java\IntelliJ IDEA Community Edition 2022.3.2\jbr\bin\jimage.dll
0x00007ff8f6c10000 - 0x00007ff8f6e3e000 	C:\WINDOWS\SYSTEM32\DBGHELP.DLL
0x00007ff8fa570000 - 0x00007ff8fa8f9000 	C:\WINDOWS\System32\combase.dll
0x00007ff8fbc20000 - 0x00007ff8fbcf7000 	C:\WINDOWS\System32\OLEAUT32.dll
0x00007ff8e5c10000 - 0x00007ff8e5c42000 	C:\WINDOWS\SYSTEM32\dbgcore.DLL
0x00007ff8f91b0000 - 0x00007ff8f922b000 	C:\WINDOWS\System32\bcryptPrimitives.dll
0x00007ff8a6f90000 - 0x00007ff8a6fb5000 	D:\java\IntelliJ IDEA Community Edition 2022.3.2\jbr\bin\java.dll

dbghelp: loaded successfully - version: 4.0.5 - missing functions: none
symbol engine: initialized successfully - sym options: 0x614 - pdb path: .;D:\java\IntelliJ IDEA Community Edition 2022.3.2\jbr\bin;C:\WINDOWS\SYSTEM32;C:\WINDOWS\WinSxS\amd64_microsoft.windows.common-controls_6595b64144ccf1df_6.0.22621.608_none_a9444ca7c10bb01d;D:\java\IntelliJ IDEA Community Edition 2022.3.2\jbr\bin\server

VM Arguments:
java_command: git4idea.http.GitAskPassApp Username for 'https://git.infotech.monash.edu': 
java_class_path (initial): D:/java/IntelliJ IDEA Community Edition 2022.3.2/plugins/vcs-git/lib/git4idea-rt.jar;D:/java/IntelliJ IDEA Community Edition 2022.3.2/lib/externalProcess-rt.jar;D:/java/IntelliJ IDEA Community Edition 2022.3.2/lib/app.jar;D:/java/IntelliJ IDEA Community Edition 2022.3.2/lib/3rd-party-rt.jar
Launcher Type: SUN_STANDARD

[Global flags]
     intx CICompilerCount                          = 4                                         {product} {ergonomic}
     uint ConcGCThreads                            = 2                                         {product} {ergonomic}
     uint G1ConcRefinementThreads                  = 8                                         {product} {ergonomic}
   size_t G1HeapRegionSize                         = 2097152                                   {product} {ergonomic}
    uintx GCDrainStackTargetSize                   = 64                                        {product} {ergonomic}
   size_t InitialHeapSize                          = 266338304                                 {product} {ergonomic}
   size_t MarkStackSize                            = 4194304                                   {product} {ergonomic}
   size_t MaxHeapSize                              = 4242538496                                {product} {ergonomic}
   size_t MinHeapDeltaBytes                        = 2097152                                   {product} {ergonomic}
   size_t MinHeapSize                              = 8388608                                   {product} {ergonomic}
    uintx NonNMethodCodeHeapSize                   = 5839372                                {pd product} {ergonomic}
    uintx NonProfiledCodeHeapSize                  = 122909434                              {pd product} {ergonomic}
    uintx ProfiledCodeHeapSize                     = 122909434                              {pd product} {ergonomic}
    uintx ReservedCodeCacheSize                    = 251658240                              {pd product} {ergonomic}
     bool SegmentedCodeCache                       = true                                      {product} {ergonomic}
   size_t SoftMaxHeapSize                          = 4242538496                             {manageable} {ergonomic}
     bool UseCompressedClassPointers               = true                           {product lp64_product} {ergonomic}
     bool UseCompressedOops                        = true                           {product lp64_product} {ergonomic}
     bool UseG1GC                                  = true                                      {product} {ergonomic}
     bool UseLargePagesIndividualAllocation        = false                                  {pd product} {ergonomic}

Logging:
Log output configuration:
 #0: stdout all=warning uptime,level,tags
 #1: stderr all=off uptime,level,tags

Environment Variables:
PATH=C:\Program Files\Git\mingw64\libexec\git-core;C:\Program Files\Git\mingw64\libexec\git-core;C:\Program Files\Git\mingw64\bin;C:\Program Files\Git\usr\bin;C:\Users\myint\bin;C:\Program Files\Common Files\Oracle\Java\javapath;C:\Python310;C:\Windows\system32;C:\Windows;C:\Windows\System32\Wbem;C:\Windows\System32\WindowsPowerShell\v1.0;C:\Windows\System32\OpenSSH;C:\Program Files (x86)\NVIDIA Corporation\PhysX\Common;C:\Program Files (x86)\QuickTime\QTSystem;C:\WINDOWS\system32;C:\WINDOWS;C:\WINDOWS\System32\Wbem;C:\WINDOWS\System32\WindowsPowerShell\v1.0;C:\WINDOWS\System32\OpenSSH;C:\Program Files (x86)\Bitvise SSH Client;C:\Program Files (x86)\dotnet;C:\ProgramData\chocolatey\bin;C:\Program Files\nodejs;C:\Program Files\dotnet;C:\PHP;C:\Program Files\Git\cmd;C:\Users\myint\AppData\Local\Microsoft\WindowsApps;C:\Users\myint\AppData\Local\GitHubDesktop\bin;C:\Users\myint\AppData\Local\Programs\Git\cmd;D:\Microsoft VS Code\bin;C:\Users\myint\AppData\Roaming\npm
USERNAME=myint
DISPLAY=:0.0
LC_ALL=en_US.UTF-8
TERM=xterm-256color
TMPDIR=C:\Users\myint\AppData\Local\Temp
OS=Windows_NT
PROCESSOR_IDENTIFIER=Intel64 Family 6 Model 142 Stepping 12, GenuineIntel
TMP=C:\Users\myint\AppData\Local\Temp
TEMP=C:\Users\myint\AppData\Local\Temp



---------------  S Y S T E M  ---------------

OS:
 Windows 11 , 64 bit Build 22621 (10.0.22621.1344)
OS uptime: 8 days 9:37 hours
Hyper-V role detected

CPU: total 8 (initial active 8) (4 cores per cpu, 2 threads per core) family 6 model 142 stepping 12 microcode 0xde, cx8, cmov, fxsr, ht, mmx, 3dnowpref, sse, sse2, sse3, ssse3, sse4.1, sse4.2, popcnt, lzcnt, tsc, tscinvbit, avx, avx2, aes, erms, clmul, bmi1, bmi2, adx, fma, vzeroupper, clflush, clflushopt, hv

Memory: 4k page, system-wide physical 16182M (4384M free)
TotalPageFile size 41717M (AvailPageFile size 5M)
current process WorkingSet (physical memory assigned to process): 11M, peak: 11M
current process commit charge ("private bytes"): 55M, peak: 56M

vm_info: OpenJDK 64-Bit Server VM (17.0.5+1-b653.25) for windows-amd64 JRE (17.0.5+1-b653.25), built on 2023-01-04 by "builduser" with MS VC++ 16.10 / 16.11 (VS2019)

END.
